<?xml version="1.0" encoding="UTF-8"?>
<testsuite name="com.telran.qa25.tests.LoginTest" tests="1" skipped="0" failures="0" errors="0" timestamp="2020-11-04T18:23:22" hostname="JULIABOOK" time="1.774">
  <properties/>
  <testcase name="loginRegisteredUserPositiveTest" classname="com.telran.qa25.tests.LoginTest" time="1.774"/>
  <system-out><![CDATA[20:23:16.768 [Test worker] INFO  com.telran.qa25.tests.TestBase - Start test: loginRegisteredUserPositiveTest
20:23:16.772 [Test worker] INFO  com.telran.qa25.tests.TestBase -  --> With data: []
20:23:16.774 [Test worker] INFO  c.t.q.h.ApplicationManager$MyListener - Start search By.cssSelector: .Login_login__right_block__1niYm...
20:23:19.793 [Test worker] INFO  c.t.q.h.ApplicationManager$MyListener - By.cssSelector: .Login_login__right_block__1niYm found.
20:23:19.793 [Test worker] INFO  c.t.q.h.ApplicationManager$MyListener - Start search By.xpath: //a[contains(., 'logOut')]...
20:23:22.808 [Test worker] INFO  c.t.q.h.ApplicationManager$MyListener - By.xpath: //a[contains(., 'logOut')] found.
20:23:22.809 [Test worker] INFO  c.t.q.h.ApplicationManager$MyListener - Start search By.cssSelector: [href='/login']...
20:23:22.827 [Test worker] INFO  c.t.q.h.ApplicationManager$MyListener - By.cssSelector: [href='/login'] found.
20:23:22.998 [Test worker] INFO  c.t.q.h.ApplicationManager$MyListener - Start search By.name: email...
20:23:23.022 [Test worker] INFO  c.t.q.h.ApplicationManager$MyListener - By.name: email found.
20:23:23.108 [Test worker] INFO  c.t.q.h.ApplicationManager$MyListener - Start search By.name: email...
20:23:23.123 [Test worker] INFO  c.t.q.h.ApplicationManager$MyListener - By.name: email found.
20:23:23.190 [Test worker] INFO  c.t.q.h.ApplicationManager$MyListener - Start search By.name: email...
20:23:23.200 [Test worker] INFO  c.t.q.h.ApplicationManager$MyListener - By.name: email found.
20:23:23.228 [Test worker] INFO  c.t.q.h.ApplicationManager$MyListener - Start search By.name: email...
20:23:23.237 [Test worker] INFO  c.t.q.h.ApplicationManager$MyListener - By.name: email found.
20:23:23.371 [Test worker] INFO  c.t.q.h.ApplicationManager$MyListener - Start search By.name: password...
20:23:23.391 [Test worker] INFO  c.t.q.h.ApplicationManager$MyListener - By.name: password found.
20:23:23.445 [Test worker] INFO  c.t.q.h.ApplicationManager$MyListener - Start search By.name: password...
20:23:23.459 [Test worker] INFO  c.t.q.h.ApplicationManager$MyListener - By.name: password found.
20:23:23.483 [Test worker] INFO  c.t.q.h.ApplicationManager$MyListener - Start search By.name: password...
20:23:23.493 [Test worker] INFO  c.t.q.h.ApplicationManager$MyListener - By.name: password found.
20:23:23.517 [Test worker] INFO  c.t.q.h.ApplicationManager$MyListener - Start search By.name: password...
20:23:23.526 [Test worker] INFO  c.t.q.h.ApplicationManager$MyListener - By.name: password found.
20:23:23.595 [Test worker] INFO  c.t.q.h.ApplicationManager$MyListener - Start search By.cssSelector: [type='submit']...
20:23:23.613 [Test worker] INFO  c.t.q.h.ApplicationManager$MyListener - By.cssSelector: [type='submit'] found.
20:23:24.721 [Test worker] INFO  c.t.q.h.ApplicationManager$MyListener - Start search By.xpath: //a[contains(., 'logOut')]...
20:23:24.734 [Test worker] INFO  c.t.q.h.ApplicationManager$MyListener - By.xpath: //a[contains(., 'logOut')] found.
20:23:24.736 [Test worker] INFO  c.t.q.h.ApplicationManager$MyListener - Start search By.cssSelector: [href='/account']...
20:23:24.751 [Test worker] INFO  c.t.q.h.ApplicationManager$MyListener - By.cssSelector: [href='/account'] found.
20:23:24.771 [Test worker] INFO  com.telran.qa25.tests.TestBase - PASSED: Test method --> loginRegisteredUserPositiveTest
20:23:24.772 [Test worker] INFO  com.telran.qa25.tests.TestBase - Stop test: loginRegisteredUserPositiveTest
20:23:24.772 [Test worker] INFO  com.telran.qa25.tests.TestBase - ======================================================
]]></system-out>
  <system-err><![CDATA[]]></system-err>
</testsuite>
