<?xml version="1.0" encoding="UTF-8"?>
<testsuite name="com.telran.qa25.tests.HeaderTest" tests="1" skipped="0" failures="0" errors="0" timestamp="2020-11-04T18:23:27" hostname="JULIABOOK" time="5.602">
  <properties/>
  <testcase name="testHeader" classname="com.telran.qa25.tests.HeaderTest" time="5.602"/>
  <system-out><![CDATA[20:23:24.778 [Test worker] INFO  com.telran.qa25.tests.TestBase - Start test: testHeader
20:23:24.778 [Test worker] INFO  com.telran.qa25.tests.TestBase -  --> With data: []
20:23:24.778 [Test worker] INFO  c.t.q.h.ApplicationManager$MyListener - Start search By.cssSelector: [href='/signup']...
20:23:27.834 [Test worker] INFO  c.t.q.h.ApplicationManager$MyListener - By.cssSelector: [href='/signup'] found.
20:23:27.835 [Test worker] INFO  c.t.q.h.ApplicationManager$MyListener - Start search By.xpath: //a[contains(., 'logOut')]...
20:23:27.853 [Test worker] INFO  c.t.q.h.ApplicationManager$MyListener - By.xpath: //a[contains(., 'logOut')] found.
20:23:27.940 [Test worker] INFO  c.t.q.h.ApplicationManager$MyListener - Start search By.xpath: //section[@class='container header']//ul//li[1]...
20:23:27.958 [Test worker] INFO  c.t.q.h.ApplicationManager$MyListener - By.xpath: //section[@class='container header']//ul//li[1] found.
20:23:28.044 [Test worker] INFO  c.t.q.h.ApplicationManager$MyListener - Start search By.cssSelector: .main-search__sidebar...
20:23:28.065 [Test worker] INFO  c.t.q.h.ApplicationManager$MyListener - By.cssSelector: .main-search__sidebar found.
20:23:29.067 [Test worker] INFO  c.t.q.h.ApplicationManager$MyListener - Start search By.xpath: //section[@class='container header']//ul//li[2]...
20:23:29.083 [Test worker] INFO  c.t.q.h.ApplicationManager$MyListener - By.xpath: //section[@class='container header']//ul//li[2] found.
20:23:29.175 [Test worker] INFO  c.t.q.h.ApplicationManager$MyListener - Start search By.cssSelector: [class='let-carwork-style_lets_car_form__2fYnX']...
20:23:29.193 [Test worker] INFO  c.t.q.h.ApplicationManager$MyListener - By.cssSelector: [class='let-carwork-style_lets_car_form__2fYnX'] found.
20:23:30.193 [Test worker] INFO  c.t.q.h.ApplicationManager$MyListener - Start search By.xpath: //section[@class='container header']//ul//li[4]...
20:23:30.209 [Test worker] INFO  c.t.q.h.ApplicationManager$MyListener - By.xpath: //section[@class='container header']//ul//li[4] found.
20:23:30.296 [Test worker] INFO  c.t.q.h.ApplicationManager$MyListener - Start search By.cssSelector: form.signup__fields...
20:23:30.319 [Test worker] INFO  c.t.q.h.ApplicationManager$MyListener - By.cssSelector: form.signup__fields found.
20:23:31.320 [Test worker] INFO  c.t.q.h.ApplicationManager$MyListener - Start search By.cssSelector: [href='/login']...
20:23:31.333 [Test worker] INFO  c.t.q.h.ApplicationManager$MyListener - By.cssSelector: [href='/login'] found.
20:23:31.406 [Test worker] INFO  c.t.q.h.ApplicationManager$MyListener - Start search By.cssSelector: .Login_login__right_block__1niYm...
20:23:31.421 [Test worker] INFO  c.t.q.h.ApplicationManager$MyListener - By.cssSelector: .Login_login__right_block__1niYm found.
20:23:32.423 [Test worker] INFO  c.t.q.h.ApplicationManager$MyListener - Start search By.xpath: //section[@class='container header']//img[@alt='logo']...
20:23:32.440 [Test worker] INFO  c.t.q.h.ApplicationManager$MyListener - By.xpath: //section[@class='container header']//img[@alt='logo'] found.
20:23:32.519 [Test worker] INFO  c.t.q.h.ApplicationManager$MyListener - Start search By.cssSelector: .Main_mainpage__find_your_car__AHLkw...
20:23:32.540 [Test worker] INFO  c.t.q.h.ApplicationManager$MyListener - By.cssSelector: .Main_mainpage__find_your_car__AHLkw found.
20:23:33.541 [Test worker] INFO  com.telran.qa25.tests.TestBase - PASSED: Test method --> testHeader
20:23:33.541 [Test worker] INFO  com.telran.qa25.tests.TestBase - Stop test: testHeader
20:23:33.541 [Test worker] INFO  com.telran.qa25.tests.TestBase - ======================================================
]]></system-out>
  <system-err><![CDATA[]]></system-err>
</testsuite>
