<?xml version="1.0" encoding="UTF-8"?>
<testsuite name="com.telran.qa25.tests.FooterTest" tests="1" skipped="0" failures="0" errors="0" timestamp="2020-11-04T18:23:33" hostname="JULIABOOK" time="9.645">
  <properties/>
  <testcase name="testFooter" classname="com.telran.qa25.tests.FooterTest" time="9.645"/>
  <system-out><![CDATA[20:23:33.542 [Test worker] INFO  com.telran.qa25.tests.TestBase - Start test: testFooter
20:23:33.542 [Test worker] INFO  com.telran.qa25.tests.TestBase -  --> With data: []
20:23:33.542 [Test worker] INFO  c.t.q.h.ApplicationManager$MyListener - Start search By.className: class='container-full'...
20:23:36.555 [Test worker] INFO  c.t.q.h.ApplicationManager$MyListener - By.className: class='container-full' found.
20:23:36.556 [Test worker] INFO  c.t.q.h.ApplicationManager$MyListener - Start search By.xpath: //section[@class='container header']//img[@alt='logo']...
20:23:36.568 [Test worker] INFO  c.t.q.h.ApplicationManager$MyListener - By.xpath: //section[@class='container header']//img[@alt='logo'] found.
20:23:36.619 [Test worker] INFO  c.t.q.h.ApplicationManager$MyListener - Start search By.xpath: //section[@class='container header']//ul//li[1]...
20:23:36.627 [Test worker] INFO  c.t.q.h.ApplicationManager$MyListener - By.xpath: //section[@class='container header']//ul//li[1] found.
20:23:36.702 [Test worker] INFO  c.t.q.h.ApplicationManager$MyListener - Start search By.cssSelector: .main-search__sidebar...
20:23:36.719 [Test worker] INFO  c.t.q.h.ApplicationManager$MyListener - By.cssSelector: .main-search__sidebar found.
20:23:36.719 [Test worker] INFO  c.t.q.h.ApplicationManager$MyListener - Start search By.className: class='container-full'...
20:23:39.759 [Test worker] INFO  c.t.q.h.ApplicationManager$MyListener - By.className: class='container-full' found.
20:23:39.759 [Test worker] INFO  c.t.q.h.ApplicationManager$MyListener - Start search By.xpath: //section[@class='container header']//img[@alt='logo']...
20:23:39.771 [Test worker] INFO  c.t.q.h.ApplicationManager$MyListener - By.xpath: //section[@class='container header']//img[@alt='logo'] found.
20:23:39.851 [Test worker] INFO  c.t.q.h.ApplicationManager$MyListener - Start search By.xpath: //section[@class='container header']//ul//li[2]...
20:23:39.868 [Test worker] INFO  c.t.q.h.ApplicationManager$MyListener - By.xpath: //section[@class='container header']//ul//li[2] found.
20:23:39.949 [Test worker] INFO  c.t.q.h.ApplicationManager$MyListener - Start search By.cssSelector: [class='let-carwork-style_lets_car_form__2fYnX']...
20:23:39.966 [Test worker] INFO  c.t.q.h.ApplicationManager$MyListener - By.cssSelector: [class='let-carwork-style_lets_car_form__2fYnX'] found.
20:23:39.967 [Test worker] INFO  c.t.q.h.ApplicationManager$MyListener - Start search By.className: class='container-full'...
20:23:42.977 [Test worker] INFO  c.t.q.h.ApplicationManager$MyListener - By.className: class='container-full' found.
20:23:42.977 [Test worker] INFO  c.t.q.h.ApplicationManager$MyListener - Start search By.xpath: //section[@class='container header']//img[@alt='logo']...
20:23:42.989 [Test worker] INFO  c.t.q.h.ApplicationManager$MyListener - By.xpath: //section[@class='container header']//img[@alt='logo'] found.
20:23:43.085 [Test worker] INFO  c.t.q.h.ApplicationManager$MyListener - Start search By.xpath: //section[@class='container footer']//img[@alt='logo']...
20:23:43.111 [Test worker] INFO  c.t.q.h.ApplicationManager$MyListener - By.xpath: //section[@class='container footer']//img[@alt='logo'] found.
20:23:43.172 [Test worker] INFO  c.t.q.h.ApplicationManager$MyListener - Start search By.cssSelector: .Main_mainpage__find_your_car__AHLkw...
20:23:43.187 [Test worker] INFO  c.t.q.h.ApplicationManager$MyListener - By.cssSelector: .Main_mainpage__find_your_car__AHLkw found.
20:23:43.188 [Test worker] INFO  com.telran.qa25.tests.TestBase - PASSED: Test method --> testFooter
20:23:43.189 [Test worker] INFO  com.telran.qa25.tests.TestBase - Stop test: testFooter
20:23:43.189 [Test worker] INFO  com.telran.qa25.tests.TestBase - ======================================================
]]></system-out>
  <system-err><![CDATA[]]></system-err>
</testsuite>
