<?xml version="1.0" encoding="UTF-8"?>
<testsuite name="com.telran.qa25.tests.MyCarAddTest" tests="6" skipped="0" failures="0" errors="0" timestamp="2020-11-01T15:31:33" hostname="JULIABOOK" time="103.689">
  <properties/>
  <testcase name="myCarAddByLoggedInUserNegativeFromFileTest[0](Car{serialNumber='333-11-444', make='Honda', model='Jazz', year='2018', pricePerDay='50'})" classname="com.telran.qa25.tests.MyCarAddTest" time="17.64"/>
  <testcase name="myCarAddByLoggedInUserNegativeFromFileTest[1](Car{serialNumber='333-11-000', make='', model='X5', year='2015', pricePerDay='99'})" classname="com.telran.qa25.tests.MyCarAddTest" time="17.137"/>
  <testcase name="myCarAddByLoggedInUserNegativeFromFileTest[2](Car{serialNumber='333-11-000', make='Opel', model='', year='1990', pricePerDay='100'})" classname="com.telran.qa25.tests.MyCarAddTest" time="16.989"/>
  <testcase name="myCarAddByLoggedInUserPositiveFromFileTest[0](Car{serialNumber='333-11-513', make='Honda', model='Jazz', year='2018', pricePerDay='50'})" classname="com.telran.qa25.tests.MyCarAddTest" time="17.187"/>
  <testcase name="myCarAddByLoggedInUserPositiveFromFileTest[1](Car{serialNumber='333-11-514', make='BMW', model='X5', year='2015', pricePerDay='99'})" classname="com.telran.qa25.tests.MyCarAddTest" time="17.085"/>
  <testcase name="myCarAddByLoggedInUserPositiveFromFileTest[2](Car{serialNumber='333-11-515', make='Opel', model='Zafira', year='1990', pricePerDay='100'})" classname="com.telran.qa25.tests.MyCarAddTest" time="17.13"/>
  <system-out><![CDATA[17:31:23.159 [Test worker] INFO  com.telran.qa25.tests.TestBase - Start test: myCarAddByLoggedInUserNegativeFromFileTest
17:31:23.166 [Test worker] INFO  com.telran.qa25.tests.TestBase -  --> With data: [Car{serialNumber='333-11-444', make='Honda', model='Jazz', year='2018', pricePerDay='50'}]
17:31:50.870 [Test worker] INFO  com.telran.qa25.tests.TestBase - Stop test: myCarAddByLoggedInUserNegativeFromFileTest
17:31:50.871 [Test worker] INFO  com.telran.qa25.tests.TestBase - ======================================================
17:31:50.871 [Test worker] INFO  com.telran.qa25.tests.TestBase - Start test: myCarAddByLoggedInUserNegativeFromFileTest
17:31:50.875 [Test worker] INFO  com.telran.qa25.tests.TestBase -  --> With data: [Car{serialNumber='333-11-000', make='', model='X5', year='2015', pricePerDay='99'}]
17:32:08.102 [Test worker] INFO  com.telran.qa25.tests.TestBase - Stop test: myCarAddByLoggedInUserNegativeFromFileTest
17:32:08.103 [Test worker] INFO  com.telran.qa25.tests.TestBase - ======================================================
17:32:08.105 [Test worker] INFO  com.telran.qa25.tests.TestBase - Start test: myCarAddByLoggedInUserNegativeFromFileTest
17:32:08.105 [Test worker] INFO  com.telran.qa25.tests.TestBase -  --> With data: [Car{serialNumber='333-11-000', make='Opel', model='', year='1990', pricePerDay='100'}]
17:32:25.202 [Test worker] INFO  com.telran.qa25.tests.TestBase - Stop test: myCarAddByLoggedInUserNegativeFromFileTest
17:32:25.203 [Test worker] INFO  com.telran.qa25.tests.TestBase - ======================================================
17:32:25.205 [Test worker] INFO  com.telran.qa25.tests.TestBase - Start test: myCarAddByLoggedInUserPositiveFromFileTest
17:32:25.205 [Test worker] INFO  com.telran.qa25.tests.TestBase -  --> With data: [Car{serialNumber='333-11-513', make='Honda', model='Jazz', year='2018', pricePerDay='50'}]
17:32:42.482 [Test worker] INFO  com.telran.qa25.tests.TestBase - Stop test: myCarAddByLoggedInUserPositiveFromFileTest
17:32:42.483 [Test worker] INFO  com.telran.qa25.tests.TestBase - ======================================================
17:32:42.485 [Test worker] INFO  com.telran.qa25.tests.TestBase - Start test: myCarAddByLoggedInUserPositiveFromFileTest
17:32:42.485 [Test worker] INFO  com.telran.qa25.tests.TestBase -  --> With data: [Car{serialNumber='333-11-514', make='BMW', model='X5', year='2015', pricePerDay='99'}]
17:32:59.684 [Test worker] INFO  com.telran.qa25.tests.TestBase - Stop test: myCarAddByLoggedInUserPositiveFromFileTest
17:32:59.684 [Test worker] INFO  com.telran.qa25.tests.TestBase - ======================================================
17:32:59.687 [Test worker] INFO  com.telran.qa25.tests.TestBase - Start test: myCarAddByLoggedInUserPositiveFromFileTest
17:32:59.688 [Test worker] INFO  com.telran.qa25.tests.TestBase -  --> With data: [Car{serialNumber='333-11-515', make='Opel', model='Zafira', year='1990', pricePerDay='100'}]
17:33:16.917 [Test worker] INFO  com.telran.qa25.tests.TestBase - Stop test: myCarAddByLoggedInUserPositiveFromFileTest
17:33:16.917 [Test worker] INFO  com.telran.qa25.tests.TestBase - ======================================================
]]></system-out>
  <system-err><![CDATA[]]></system-err>
</testsuite>
