<?xml version="1.0" encoding="UTF-8"?>
<testsuite name="com.telran.qa25.LoginTest" tests="1" skipped="0" failures="0" errors="0" timestamp="2020-09-15T07:06:19" hostname="JULIABOOK" time="12.563">
  <properties/>
  <testcase name="openSite" classname="com.telran.qa25.LoginTest" time="12.563"/>
  <system-out><![CDATA[Site is opened!
User: AT_Name64 AT_SecondName64 Email: AT_SecondName64@gmail.com is now signed up!
User: AT_SecondName64@gmail.com is now logged in!
User is now logged out!
]]></system-out>
  <system-err><![CDATA[Starting ChromeDriver 85.0.4183.87 (cd6713ebf92fa1cacc0f1a598df280093af0c5d7-refs/branch-heads/4183@{#1689}) on port 31552
Only local connections are allowed.
Please see https://chromedriver.chromium.org/security-considerations for suggestions on keeping ChromeDriver safe.
ChromeDriver was started successfully.
сен 15, 2020 10:06:17 AM org.openqa.selenium.remote.ProtocolHandshake createSession
INFO: Detected dialect: W3C
]]></system-err>
</testsuite>
