<?xml version="1.0" encoding="UTF-8"?>
<testsuite name="com.telran.qa25.LoginTest" tests="1" skipped="0" failures="0" errors="0" timestamp="2020-09-30T17:17:03" hostname="JULIABOOK" time="0.131">
  <properties/>
  <testcase name="openSite" classname="com.telran.qa25.LoginTest" time="0.131"/>
  <system-out><![CDATA[Site is opened!
1. Find cars: true
2. Find cars: true
]]></system-out>
  <system-err><![CDATA[Starting ChromeDriver 85.0.4183.87 (cd6713ebf92fa1cacc0f1a598df280093af0c5d7-refs/branch-heads/4183@{#1689}) on port 42831
Only local connections are allowed.
Please see https://chromedriver.chromium.org/security-considerations for suggestions on keeping ChromeDriver safe.
ChromeDriver was started successfully.
сен 30, 2020 8:16:58 PM org.openqa.selenium.remote.ProtocolHandshake createSession
INFO: Detected dialect: W3C
]]></system-err>
</testsuite>
