<?xml version="1.0" encoding="UTF-8"?>
<testsuite name="com.telran.qa25.tests.MyCarAddTest" tests="4" skipped="0" failures="0" errors="0" timestamp="2020-10-28T09:52:44" hostname="JULIABOOK" time="66.825">
  <properties/>
  <testcase name="myCarAddByLoggedInUserPositiveTest" classname="com.telran.qa25.tests.MyCarAddTest" time="17.7"/>
  <testcase name="myCarAddTheSameSerialNumberTest" classname="com.telran.qa25.tests.MyCarAddTest" time="17.451"/>
  <testcase name="myCarAddUserLogoutPositiveTest" classname="com.telran.qa25.tests.MyCarAddTest" time="5.992"/>
  <testcase name="myCarAddWithoutDoorsTest" classname="com.telran.qa25.tests.MyCarAddTest" time="15.438"/>
  <system-out><![CDATA[11:52:34.163 [Test worker] INFO  com.telran.qa25.tests.TestBase - Start test: myCarAddByLoggedInUserPositiveTest
11:53:01.898 [Test worker] INFO  com.telran.qa25.tests.TestBase - Stop test: myCarAddByLoggedInUserPositiveTest
11:53:01.899 [Test worker] INFO  com.telran.qa25.tests.TestBase - ======================================================
11:53:01.900 [Test worker] INFO  com.telran.qa25.tests.TestBase - Start test: myCarAddTheSameSerialNumberTest
11:53:19.478 [Test worker] INFO  com.telran.qa25.tests.TestBase - Stop test: myCarAddTheSameSerialNumberTest
11:53:19.479 [Test worker] INFO  com.telran.qa25.tests.TestBase - ======================================================
11:53:19.481 [Test worker] INFO  com.telran.qa25.tests.TestBase - Start test: myCarAddUserLogoutPositiveTest
11:53:25.571 [Test worker] INFO  com.telran.qa25.tests.TestBase - Stop test: myCarAddUserLogoutPositiveTest
11:53:25.571 [Test worker] INFO  com.telran.qa25.tests.TestBase - ======================================================
11:53:25.572 [Test worker] INFO  com.telran.qa25.tests.TestBase - Start test: myCarAddWithoutDoorsTest
11:53:51.022 [Test worker] INFO  com.telran.qa25.tests.TestBase - Stop test: myCarAddWithoutDoorsTest
11:53:51.022 [Test worker] INFO  com.telran.qa25.tests.TestBase - ======================================================
]]></system-out>
  <system-err><![CDATA[]]></system-err>
</testsuite>
