<?xml version="1.0" encoding="UTF-8"?>
<testsuite name="com.telran.qa25.tests.LoginTest" tests="4" skipped="0" failures="0" errors="0" timestamp="2020-10-28T09:51:38" hostname="JULIABOOK" time="55.809">
  <properties/>
  <testcase name="loginRegisteredUserPositiveTest" classname="com.telran.qa25.tests.LoginTest" time="1.481"/>
  <testcase name="loginUnregisteredUserTest" classname="com.telran.qa25.tests.LoginTest" time="21.451"/>
  <testcase name="loginUserWithInvalidPasswordTest" classname="com.telran.qa25.tests.LoginTest" time="11.341"/>
  <testcase name="loginUserWithoutPasswordTest" classname="com.telran.qa25.tests.LoginTest" time="11.328"/>
  <system-out><![CDATA[11:51:18.193 [Test worker] INFO  com.telran.qa25.tests.TestBase - Start test: loginRegisteredUserPositiveTest
11:51:39.834 [Test worker] INFO  com.telran.qa25.tests.TestBase - Stop test: loginRegisteredUserPositiveTest
11:51:39.834 [Test worker] INFO  com.telran.qa25.tests.TestBase - ======================================================
11:51:39.835 [Test worker] INFO  com.telran.qa25.tests.TestBase - Start test: loginUnregisteredUserTest
Unregistered user login test is started
11:52:11.461 [Test worker] INFO  com.telran.qa25.tests.TestBase - Stop test: loginUnregisteredUserTest
11:52:11.462 [Test worker] INFO  com.telran.qa25.tests.TestBase - ======================================================
11:52:11.465 [Test worker] INFO  com.telran.qa25.tests.TestBase - Start test: loginUserWithInvalidPasswordTest
11:52:22.823 [Test worker] INFO  com.telran.qa25.tests.TestBase - Stop test: loginUserWithInvalidPasswordTest
11:52:22.823 [Test worker] INFO  com.telran.qa25.tests.TestBase - ======================================================
11:52:22.823 [Test worker] INFO  com.telran.qa25.tests.TestBase - Start test: loginUserWithoutPasswordTest
11:52:34.162 [Test worker] INFO  com.telran.qa25.tests.TestBase - Stop test: loginUserWithoutPasswordTest
11:52:34.162 [Test worker] INFO  com.telran.qa25.tests.TestBase - ======================================================
]]></system-out>
  <system-err><![CDATA[]]></system-err>
</testsuite>
