<?xml version="1.0" encoding="UTF-8"?>
<testsuite name="com.telran.qa25.tests.FooterTest" tests="1" skipped="0" failures="0" errors="0" timestamp="2020-10-28T09:50:42" hostname="JULIABOOK" time="30.65">
  <properties/>
  <testcase name="testFooter" classname="com.telran.qa25.tests.FooterTest" time="30.65"/>
  <system-out><![CDATA[11:50:42.073 [Test worker] INFO  com.telran.qa25.tests.TestBase - Start test: testFooter
11:51:12.726 [Test worker] INFO  com.telran.qa25.tests.TestBase - Stop test: testFooter
11:51:12.726 [Test worker] INFO  com.telran.qa25.tests.TestBase - ======================================================
]]></system-out>
  <system-err><![CDATA[]]></system-err>
</testsuite>
