<?xml version="1.0" encoding="UTF-8"?>
<testsuite name="com.telran.qa25.tests.HeaderTest" tests="1" skipped="0" failures="0" errors="0" timestamp="2020-10-28T09:51:12" hostname="JULIABOOK" time="5.444">
  <properties/>
  <testcase name="testHeader" classname="com.telran.qa25.tests.HeaderTest" time="5.444"/>
  <system-out><![CDATA[11:51:12.730 [Test worker] INFO  com.telran.qa25.tests.TestBase - Start test: testHeader
11:51:18.192 [Test worker] INFO  com.telran.qa25.tests.TestBase - Stop test: testHeader
11:51:18.192 [Test worker] INFO  com.telran.qa25.tests.TestBase - ======================================================
]]></system-out>
  <system-err><![CDATA[]]></system-err>
</testsuite>
